# JRE version: OpenJDK Runtime Environment (15.0.2+7) (build 15.0.2+7-27)
# Java VM: OpenJDK 64-Bit Server VM (15.0.2+7-27, mixed mode, sharing, tiered, compressed oops, g1 gc, windows-amd64)
GC Precious Log:
 CPUs: 4 total, 4 available
 Memory: 4017M
 Large Page Support: Disabled
 NUMA Support: Disabled
 Compressed Oops: Enabled (32-bit)
 Heap Region Size: 1M
 Heap Min Capacity: 8M
 Heap Initial Capacity: 64M
 Heap Max Capacity: 1006M
 Pre-touch: Disabled
 Parallel Workers: 4
 Concurrent Workers: 1
 Concurrent Refinement Workers: 4
 Periodic GC: Disabled
Heap:
 garbage-first heap   total 65536K, used 46124K [0x00000000c1200000, 0x0000000100000000)
  region size 1024K, 37 young (37888K), 4 survivors (4096K)
 Metaspace       used 15827K, capacity 16293K, committed 16512K, reserved 1064960K
  class space    used 1651K, capacity 1807K, committed 1920K, reserved 1048576K
GC Heap History (14 events):
Event: 9.691 GC heap before
{Heap before GC invocations=0 (full 0):
 garbage-first heap   total 65536K, used 12288K [0x00000000c1200000, 0x0000000100000000)
  region size 1024K, 13 young (13312K), 0 survivors (0K)
 Metaspace       used 4201K, capacity 6255K, committed 6272K, reserved 1056768K
  class space    used 417K, capacity 637K, committed 640K, reserved 1048576K
}
Event: 9.712 GC heap after
{Heap after GC invocations=1 (full 0):
 garbage-first heap   total 65536K, used 3552K [0x00000000c1200000, 0x0000000100000000)
  region size 1024K, 2 young (2048K), 2 survivors (2048K)
 Metaspace       used 4201K, capacity 6255K, committed 6272K, reserved 1056768K
  class space    used 417K, capacity 637K, committed 640K, reserved 1048576K
}
Event: 13.292 GC heap before
{Heap before GC invocations=1 (full 0):
 garbage-first heap   total 65536K, used 14816K [0x00000000c1200000, 0x0000000100000000)
  region size 1024K, 13 young (13312K), 2 survivors (2048K)
 Metaspace       used 6192K, capacity 7730K, committed 7808K, reserved 1056768K
  class space    used 694K, capacity 830K, committed 896K, reserved 1048576K
}
Event: 13.311 GC heap after
{Heap after GC invocations=2 (full 0):
 garbage-first heap   total 65536K, used 4368K [0x00000000c1200000, 0x0000000100000000)
  region size 1024K, 1 young (1024K), 1 survivors (1024K)
 Metaspace       used 6192K, capacity 7730K, committed 7808K, reserved 1056768K
  class space    used 694K, capacity 830K, committed 896K, reserved 1048576K
}
Event: 15.181 GC heap before
{Heap before GC invocations=2 (full 0):
 garbage-first heap   total 65536K, used 27920K [0x00000000c1200000, 0x0000000100000000)
  region size 1024K, 25 young (25600K), 1 survivors (1024K)
 Metaspace       used 9710K, capacity 10984K, committed 11136K, reserved 1058816K
  class space    used 1115K, capacity 1292K, committed 1408K, reserved 1048576K
}
Event: 15.188 GC heap after
{Heap after GC invocations=3 (full 0):
 garbage-first heap   total 65536K, used 5370K [0x00000000c1200000, 0x0000000100000000)
  region size 1024K, 2 young (2048K), 2 survivors (2048K)
 Metaspace       used 9710K, capacity 10984K, committed 11136K, reserved 1058816K
  class space    used 1115K, capacity 1292K, committed 1408K, reserved 1048576K
}
Event: 23.184 GC heap before
{Heap before GC invocations=3 (full 0):
 garbage-first heap   total 65536K, used 42234K [0x00000000c1200000, 0x0000000100000000)
  region size 1024K, 38 young (38912K), 2 survivors (2048K)
 Metaspace       used 13959K, capacity 14670K, committed 14848K, reserved 1062912K
  class space    used 1550K, capacity 1694K, committed 1792K, reserved 1048576K
}
Event: 23.205 GC heap after
{Heap after GC invocations=4 (full 0):
 garbage-first heap   total 65536K, used 8549K [0x00000000c1200000, 0x0000000100000000)
  region size 1024K, 5 young (5120K), 5 survivors (5120K)
 Metaspace       used 13959K, capacity 14670K, committed 14848K, reserved 1062912K
  class space    used 1550K, capacity 1694K, committed 1792K, reserved 1048576K
}
Event: 32.649 GC heap before
{Heap before GC invocations=4 (full 0):
 garbage-first heap   total 65536K, used 42341K [0x00000000c1200000, 0x0000000100000000)
  region size 1024K, 38 young (38912K), 5 survivors (5120K)
 Metaspace       used 14453K, capacity 15059K, committed 15360K, reserved 1062912K
  class space    used 1561K, capacity 1695K, committed 1792K, reserved 1048576K
}
Event: 32.668 GC heap after
{Heap after GC invocations=5 (full 0):
 garbage-first heap   total 65536K, used 10057K [0x00000000c1200000, 0x0000000100000000)
  region size 1024K, 2 young (2048K), 2 survivors (2048K)
 Metaspace       used 14453K, capacity 15059K, committed 15360K, reserved 1062912K
  class space    used 1561K, capacity 1695K, committed 1792K, reserved 1048576K
}
Event: 47.218 GC heap before
{Heap before GC invocations=5 (full 0):
 garbage-first heap   total 65536K, used 45897K [0x00000000c1200000, 0x0000000100000000)
  region size 1024K, 37 young (37888K), 2 survivors (2048K)
 Metaspace       used 14868K, capacity 15400K, committed 15616K, reserved 1062912K
  class space    used 1566K, capacity 1702K, committed 1792K, reserved 1048576K
}
Event: 47.230 GC heap after
{Heap after GC invocations=6 (full 0):
 garbage-first heap   total 65536K, used 11554K [0x00000000c1200000, 0x0000000100000000)
  region size 1024K, 4 young (4096K), 4 survivors (4096K)
 Metaspace       used 14868K, capacity 15400K, committed 15616K, reserved 1062912K
  class space    used 1566K, capacity 1702K, committed 1792K, reserved 1048576K
}
Event: 77.620 GC heap before
{Heap before GC invocations=6 (full 0):
 garbage-first heap   total 65536K, used 46370K [0x00000000c1200000, 0x0000000100000000)
  region size 1024K, 38 young (38912K), 4 survivors (4096K)
 Metaspace       used 15093K, capacity 15597K, committed 15872K, reserved 1062912K
  class space    used 1574K, capacity 1703K, committed 1792K, reserved 1048576K
}
Event: 77.692 GC heap after
{Heap after GC invocations=7 (full 0):
 garbage-first heap   total 65536K, used 13356K [0x00000000c1200000, 0x0000000100000000)
  region size 1024K, 4 young (4096K), 4 survivors (4096K)
 Metaspace       used 15093K, capacity 15597K, committed 15872K, reserved 1062912K
  class space    used 1574K, capacity 1703K, committed 1792K, reserved 1048576K
}

